<?xml version="1.0" encoding="UTF-8"?>
<!-- Generated by org.testng.reporters.JUnitReportReporter -->
<testsuite hostname="Rajitas-MacBook-Air.local" failures="0" tests="1" name="amazon_tests.QABookvalidation_test" time="17.922" errors="0" timestamp="2021-05-10T22:15:01 CDT" skipped="0">
  <testcase classname="amazon_tests.QABookvalidation_test" name="validatingPrice" time="17.922"/>
  <system-out/>
</testsuite> <!-- amazon_tests.QABookvalidation_test -->
